<?xml version="1.0" encoding="UTF-8"?>
<!-- Generated by org.testng.reporters.JUnitReportReporter -->
<testsuite hostname="DESKTOP-IDMQLPU" failures="0" tests="1" name="testscript.Login_Script" time="6.850" errors="0" timestamp="2023-04-26T21:13:49 IST" skipped="0">
  <testcase classname="testscript.Login_Script" name="test1" time="6.850"/>
  <system-out/>
</testsuite> <!-- testscript.Login_Script -->
